d:\repos\vsrepos\consoleview\consoleview\debug\vc143.pdb
d:\repos\vsrepos\consoleview\consoleview\debug\vc143.idb
d:\repos\vsrepos\consoleview\consoleview\debug\xmlparser.obj
d:\repos\vsrepos\consoleview\consoleview\debug\passwordgenerator.obj
d:\repos\vsrepos\consoleview\consoleview\debug\passwordchecker.obj
d:\repos\vsrepos\consoleview\consoleview\debug\consoleview.obj
d:\repos\vsrepos\consoleview\consoleview\debug\auth.obj
d:\repos\vsrepos\consoleview\debug\libxml2.dll
d:\repos\vsrepos\consoleview\debug\liblzma.dll
d:\repos\vsrepos\consoleview\debug\zlibd1.dll
d:\repos\vsrepos\consoleview\debug\iconv-2.dll
d:\repos\vsrepos\consoleview\debug\consoleview.exe
d:\repos\vsrepos\consoleview\consoleview\debug\consoleview.ilk
d:\repos\vsrepos\consoleview\debug\consoleview.pdb
c:\repos\consoleview\consoleview\debug\auth.obj
c:\repos\consoleview\consoleview\debug\consoleview.obj
c:\repos\consoleview\consoleview\debug\passwordchecker.obj
c:\repos\consoleview\consoleview\debug\passwordgenerator.obj
c:\repos\consoleview\consoleview\debug\xmlparser.obj
c:\repos\consoleview\consoleview\debug\consoleview.ilk
c:\repos\consoleview\consoleview\debug\vc143.idb
c:\repos\consoleview\consoleview\debug\vc143.pdb
c:\repos\consoleview\debug\consoleview.pdb
c:\repos\consoleview\debug\consoleview.exe
c:\repos\consoleview\consoleview\debug\consoleview.tlog\cl.command.1.tlog
c:\repos\consoleview\consoleview\debug\consoleview.tlog\cl.read.1.tlog
c:\repos\consoleview\consoleview\debug\consoleview.tlog\cl.write.1.tlog
c:\repos\consoleview\consoleview\debug\consoleview.tlog\consoleview.write.1u.tlog
c:\repos\consoleview\consoleview\debug\consoleview.tlog\link.command.1.tlog
c:\repos\consoleview\consoleview\debug\consoleview.tlog\link.read.1.tlog
c:\repos\consoleview\consoleview\debug\consoleview.tlog\link.write.1.tlog
